[1.777s] Invoking command in '/home/ykk/ros2_ws/build/decision_making_pkg': PYTHONPATH=/home/ykk/ros2_ws/build/decision_making_pkg/prefix_override:/usr/lib/python3/dist-packages/colcon_core/task/python/colcon_distutils_commands:/home/ykk/ros2_ws/install/decision_making_pkg/lib/python3.10/site-packages:${PYTHONPATH} /usr/bin/python3 -W ignore:setup.py install is deprecated -W ignore:easy_install command is deprecated setup.py develop --editable --build-directory /home/ykk/ros2_ws/build/decision_making_pkg/build --no-deps symlink_data
[2.132s] running develop
[2.314s] running egg_info
[2.314s] writing decision_making_pkg.egg-info/PKG-INFO
[2.315s] writing dependency_links to decision_making_pkg.egg-info/dependency_links.txt
[2.315s] writing entry points to decision_making_pkg.egg-info/entry_points.txt
[2.315s] writing requirements to decision_making_pkg.egg-info/requires.txt
[2.315s] writing top-level names to decision_making_pkg.egg-info/top_level.txt
[2.317s] reading manifest file 'decision_making_pkg.egg-info/SOURCES.txt'
[2.318s] writing manifest file 'decision_making_pkg.egg-info/SOURCES.txt'
[2.319s] running build_ext
[2.320s] Creating /home/ykk/ros2_ws/install/decision_making_pkg/lib/python3.10/site-packages/decision-making-pkg.egg-link (link to .)
[2.320s] Installing motion_planner_node script to /home/ykk/ros2_ws/install/decision_making_pkg/lib/decision_making_pkg
[2.321s] Installing obstacle_mission_controller_node script to /home/ykk/ros2_ws/install/decision_making_pkg/lib/decision_making_pkg
[2.321s] Installing parking_control_node script to /home/ykk/ros2_ws/install/decision_making_pkg/lib/decision_making_pkg
[2.321s] Installing path_planner_node script to /home/ykk/ros2_ws/install/decision_making_pkg/lib/decision_making_pkg
[2.321s] Installing stanley_controller_node script to /home/ykk/ros2_ws/install/decision_making_pkg/lib/decision_making_pkg
[2.321s] Installing test_node script to /home/ykk/ros2_ws/install/decision_making_pkg/lib/decision_making_pkg
[2.321s] Installing test_node_2 script to /home/ykk/ros2_ws/install/decision_making_pkg/lib/decision_making_pkg
[2.321s] 
[2.321s] Installed /home/ykk/ros2_ws/build/decision_making_pkg
[2.322s] running symlink_data
[2.353s] Invoked command in '/home/ykk/ros2_ws/build/decision_making_pkg' returned '0': PYTHONPATH=/home/ykk/ros2_ws/build/decision_making_pkg/prefix_override:/usr/lib/python3/dist-packages/colcon_core/task/python/colcon_distutils_commands:/home/ykk/ros2_ws/install/decision_making_pkg/lib/python3.10/site-packages:${PYTHONPATH} /usr/bin/python3 -W ignore:setup.py install is deprecated -W ignore:easy_install command is deprecated setup.py develop --editable --build-directory /home/ykk/ros2_ws/build/decision_making_pkg/build --no-deps symlink_data
