[0.812s] Invoking command in '/home/ykk/ros2_ws/build/camera_perception_pkg': AMENT_PREFIX_PATH=/home/ykk/ros2_ws/install/interfaces_pkg:${AMENT_PREFIX_PATH} PYTHONPATH=/home/ykk/ros2_ws/build/camera_perception_pkg/prefix_override:/usr/lib/python3/dist-packages/colcon_core/task/python/colcon_distutils_commands:/home/ykk/ros2_ws/install/camera_perception_pkg/lib/python3.10/site-packages:/home/ykk/ros2_ws/install/interfaces_pkg/local/lib/python3.10/dist-packages:${PYTHONPATH} /usr/bin/python3 -W ignore:setup.py install is deprecated -W ignore:easy_install command is deprecated setup.py develop --editable --build-directory /home/ykk/ros2_ws/build/camera_perception_pkg/build --no-deps symlink_data
[0.961s] running develop
[1.040s] running egg_info
[1.041s] creating camera_perception_pkg.egg-info
[1.041s] writing camera_perception_pkg.egg-info/PKG-INFO
[1.041s] writing dependency_links to camera_perception_pkg.egg-info/dependency_links.txt
[1.041s] writing entry points to camera_perception_pkg.egg-info/entry_points.txt
[1.041s] writing requirements to camera_perception_pkg.egg-info/requires.txt
[1.041s] writing top-level names to camera_perception_pkg.egg-info/top_level.txt
[1.041s] writing manifest file 'camera_perception_pkg.egg-info/SOURCES.txt'
[1.042s] reading manifest file 'camera_perception_pkg.egg-info/SOURCES.txt'
[1.042s] writing manifest file 'camera_perception_pkg.egg-info/SOURCES.txt'
[1.043s] running build_ext
[1.043s] Creating /home/ykk/ros2_ws/install/camera_perception_pkg/lib/python3.10/site-packages/camera-perception-pkg.egg-link (link to .)
[1.044s] Installing image_publisher_node script to /home/ykk/ros2_ws/install/camera_perception_pkg/lib/camera_perception_pkg
[1.044s] Installing image_resize_node script to /home/ykk/ros2_ws/install/camera_perception_pkg/lib/camera_perception_pkg
[1.044s] Installing lane_info_extractor_node script to /home/ykk/ros2_ws/install/camera_perception_pkg/lib/camera_perception_pkg
[1.044s] Installing mission_lane_info_extractor_node script to /home/ykk/ros2_ws/install/camera_perception_pkg/lib/camera_perception_pkg
[1.044s] Installing traffic_light_detector_node script to /home/ykk/ros2_ws/install/camera_perception_pkg/lib/camera_perception_pkg
[1.044s] Installing yolov8_node script to /home/ykk/ros2_ws/install/camera_perception_pkg/lib/camera_perception_pkg
[1.044s] Installing yolov8_object_detection_node script to /home/ykk/ros2_ws/install/camera_perception_pkg/lib/camera_perception_pkg
[1.044s] 
[1.044s] Installed /home/ykk/ros2_ws/build/camera_perception_pkg
[1.044s] running symlink_data
[1.044s] creating /home/ykk/ros2_ws/install/camera_perception_pkg/share/ament_index
[1.044s] creating /home/ykk/ros2_ws/install/camera_perception_pkg/share/ament_index/resource_index
[1.044s] creating /home/ykk/ros2_ws/install/camera_perception_pkg/share/ament_index/resource_index/packages
[1.044s] symbolically linking /home/ykk/ros2_ws/build/camera_perception_pkg/resource/camera_perception_pkg -> /home/ykk/ros2_ws/install/camera_perception_pkg/share/ament_index/resource_index/packages
[1.045s] symbolically linking /home/ykk/ros2_ws/build/camera_perception_pkg/package.xml -> /home/ykk/ros2_ws/install/camera_perception_pkg/share/camera_perception_pkg
[1.067s] Invoked command in '/home/ykk/ros2_ws/build/camera_perception_pkg' returned '0': AMENT_PREFIX_PATH=/home/ykk/ros2_ws/install/interfaces_pkg:${AMENT_PREFIX_PATH} PYTHONPATH=/home/ykk/ros2_ws/build/camera_perception_pkg/prefix_override:/usr/lib/python3/dist-packages/colcon_core/task/python/colcon_distutils_commands:/home/ykk/ros2_ws/install/camera_perception_pkg/lib/python3.10/site-packages:/home/ykk/ros2_ws/install/interfaces_pkg/local/lib/python3.10/dist-packages:${PYTHONPATH} /usr/bin/python3 -W ignore:setup.py install is deprecated -W ignore:easy_install command is deprecated setup.py develop --editable --build-directory /home/ykk/ros2_ws/build/camera_perception_pkg/build --no-deps symlink_data
