[0.806s] Invoking command in '/home/ykk/ros2_ws/build/decision_making_pkg': AMENT_PREFIX_PATH=/home/ykk/ros2_ws/install/interfaces_pkg:${AMENT_PREFIX_PATH} PYTHONPATH=/home/ykk/ros2_ws/build/decision_making_pkg/prefix_override:/usr/lib/python3/dist-packages/colcon_core/task/python/colcon_distutils_commands:/home/ykk/ros2_ws/install/decision_making_pkg/lib/python3.10/site-packages:/home/ykk/ros2_ws/install/interfaces_pkg/local/lib/python3.10/dist-packages:${PYTHONPATH} /usr/bin/python3 -W ignore:setup.py install is deprecated -W ignore:easy_install command is deprecated setup.py develop --editable --build-directory /home/ykk/ros2_ws/build/decision_making_pkg/build --no-deps symlink_data
[0.958s] running develop
[1.038s] running egg_info
[1.038s] creating decision_making_pkg.egg-info
[1.038s] writing decision_making_pkg.egg-info/PKG-INFO
[1.038s] writing dependency_links to decision_making_pkg.egg-info/dependency_links.txt
[1.039s] writing entry points to decision_making_pkg.egg-info/entry_points.txt
[1.039s] writing requirements to decision_making_pkg.egg-info/requires.txt
[1.039s] writing top-level names to decision_making_pkg.egg-info/top_level.txt
[1.039s] writing manifest file 'decision_making_pkg.egg-info/SOURCES.txt'
[1.040s] reading manifest file 'decision_making_pkg.egg-info/SOURCES.txt'
[1.040s] writing manifest file 'decision_making_pkg.egg-info/SOURCES.txt'
[1.041s] running build_ext
[1.041s] Creating /home/ykk/ros2_ws/install/decision_making_pkg/lib/python3.10/site-packages/decision-making-pkg.egg-link (link to .)
[1.041s] Installing motion_planner_node script to /home/ykk/ros2_ws/install/decision_making_pkg/lib/decision_making_pkg
[1.042s] Installing obstacle_mission_controller_node script to /home/ykk/ros2_ws/install/decision_making_pkg/lib/decision_making_pkg
[1.042s] Installing parking_control_node script to /home/ykk/ros2_ws/install/decision_making_pkg/lib/decision_making_pkg
[1.042s] Installing path_planner_node script to /home/ykk/ros2_ws/install/decision_making_pkg/lib/decision_making_pkg
[1.042s] Installing stanley_controller_node script to /home/ykk/ros2_ws/install/decision_making_pkg/lib/decision_making_pkg
[1.042s] Installing test_node script to /home/ykk/ros2_ws/install/decision_making_pkg/lib/decision_making_pkg
[1.042s] Installing test_node_2 script to /home/ykk/ros2_ws/install/decision_making_pkg/lib/decision_making_pkg
[1.042s] 
[1.042s] Installed /home/ykk/ros2_ws/build/decision_making_pkg
[1.042s] running symlink_data
[1.042s] creating /home/ykk/ros2_ws/install/decision_making_pkg/share/ament_index
[1.042s] creating /home/ykk/ros2_ws/install/decision_making_pkg/share/ament_index/resource_index
[1.042s] creating /home/ykk/ros2_ws/install/decision_making_pkg/share/ament_index/resource_index/packages
[1.042s] symbolically linking /home/ykk/ros2_ws/build/decision_making_pkg/resource/decision_making_pkg -> /home/ykk/ros2_ws/install/decision_making_pkg/share/ament_index/resource_index/packages
[1.042s] symbolically linking /home/ykk/ros2_ws/build/decision_making_pkg/package.xml -> /home/ykk/ros2_ws/install/decision_making_pkg/share/decision_making_pkg
[1.042s] creating /home/ykk/ros2_ws/install/decision_making_pkg/share/decision_making_pkg/launch
[1.042s] symbolically linking /home/ykk/ros2_ws/build/decision_making_pkg/launch/parking.launch.py -> /home/ykk/ros2_ws/install/decision_making_pkg/share/decision_making_pkg/launch
[1.042s] symbolically linking /home/ykk/ros2_ws/build/decision_making_pkg/launch/obstacle_mission.launch.py -> /home/ykk/ros2_ws/install/decision_making_pkg/share/decision_making_pkg/launch
[1.042s] symbolically linking /home/ykk/ros2_ws/build/decision_making_pkg/launch/obstacle_mission_bag.launch.py -> /home/ykk/ros2_ws/install/decision_making_pkg/share/decision_making_pkg/launch
[1.042s] symbolically linking /home/ykk/ros2_ws/build/decision_making_pkg/launch/lane_keeping.launch.py -> /home/ykk/ros2_ws/install/decision_making_pkg/share/decision_making_pkg/launch
[1.070s] Invoked command in '/home/ykk/ros2_ws/build/decision_making_pkg' returned '0': AMENT_PREFIX_PATH=/home/ykk/ros2_ws/install/interfaces_pkg:${AMENT_PREFIX_PATH} PYTHONPATH=/home/ykk/ros2_ws/build/decision_making_pkg/prefix_override:/usr/lib/python3/dist-packages/colcon_core/task/python/colcon_distutils_commands:/home/ykk/ros2_ws/install/decision_making_pkg/lib/python3.10/site-packages:/home/ykk/ros2_ws/install/interfaces_pkg/local/lib/python3.10/dist-packages:${PYTHONPATH} /usr/bin/python3 -W ignore:setup.py install is deprecated -W ignore:easy_install command is deprecated setup.py develop --editable --build-directory /home/ykk/ros2_ws/build/decision_making_pkg/build --no-deps symlink_data
