[0.683s] Invoking command in '/home/ykk/ros2_ws/build/serial_communication_pkg': PYTHONPATH=/home/ykk/ros2_ws/build/serial_communication_pkg/prefix_override:/usr/lib/python3/dist-packages/colcon_core/task/python/colcon_distutils_commands:/home/ykk/ros2_ws/install/serial_communication_pkg/lib/python3.10/site-packages:${PYTHONPATH} /usr/bin/python3 -W ignore:setup.py install is deprecated -W ignore:easy_install command is deprecated setup.py develop --editable --build-directory /home/ykk/ros2_ws/build/serial_communication_pkg/build --no-deps symlink_data
[0.837s] running develop
[0.916s] running egg_info
[0.916s] creating serial_communication_pkg.egg-info
[0.916s] writing serial_communication_pkg.egg-info/PKG-INFO
[0.916s] writing dependency_links to serial_communication_pkg.egg-info/dependency_links.txt
[0.917s] writing entry points to serial_communication_pkg.egg-info/entry_points.txt
[0.917s] writing requirements to serial_communication_pkg.egg-info/requires.txt
[0.917s] writing top-level names to serial_communication_pkg.egg-info/top_level.txt
[0.917s] writing manifest file 'serial_communication_pkg.egg-info/SOURCES.txt'
[0.918s] reading manifest file 'serial_communication_pkg.egg-info/SOURCES.txt'
[0.918s] writing manifest file 'serial_communication_pkg.egg-info/SOURCES.txt'
[0.918s] running build_ext
[0.919s] Creating /home/ykk/ros2_ws/install/serial_communication_pkg/lib/python3.10/site-packages/serial-communication-pkg.egg-link (link to .)
[0.919s] Installing serial_sender_node script to /home/ykk/ros2_ws/install/serial_communication_pkg/lib/serial_communication_pkg
[0.919s] 
[0.919s] Installed /home/ykk/ros2_ws/build/serial_communication_pkg
[0.919s] running symlink_data
[0.919s] creating /home/ykk/ros2_ws/install/serial_communication_pkg/share/ament_index
[0.919s] creating /home/ykk/ros2_ws/install/serial_communication_pkg/share/ament_index/resource_index
[0.919s] creating /home/ykk/ros2_ws/install/serial_communication_pkg/share/ament_index/resource_index/packages
[0.919s] symbolically linking /home/ykk/ros2_ws/build/serial_communication_pkg/resource/serial_communication_pkg -> /home/ykk/ros2_ws/install/serial_communication_pkg/share/ament_index/resource_index/packages
[0.920s] symbolically linking /home/ykk/ros2_ws/build/serial_communication_pkg/package.xml -> /home/ykk/ros2_ws/install/serial_communication_pkg/share/serial_communication_pkg
[0.938s] Invoked command in '/home/ykk/ros2_ws/build/serial_communication_pkg' returned '0': PYTHONPATH=/home/ykk/ros2_ws/build/serial_communication_pkg/prefix_override:/usr/lib/python3/dist-packages/colcon_core/task/python/colcon_distutils_commands:/home/ykk/ros2_ws/install/serial_communication_pkg/lib/python3.10/site-packages:${PYTHONPATH} /usr/bin/python3 -W ignore:setup.py install is deprecated -W ignore:easy_install command is deprecated setup.py develop --editable --build-directory /home/ykk/ros2_ws/build/serial_communication_pkg/build --no-deps symlink_data
