[0.703s] Invoking command in '/home/ykk/ros2_ws/build/lidar_perception_pkg': PYTHONPATH=/home/ykk/ros2_ws/build/lidar_perception_pkg/prefix_override:/usr/lib/python3/dist-packages/colcon_core/task/python/colcon_distutils_commands:/home/ykk/ros2_ws/install/lidar_perception_pkg/lib/python3.10/site-packages:${PYTHONPATH} /usr/bin/python3 -W ignore:setup.py install is deprecated -W ignore:easy_install command is deprecated setup.py develop --editable --build-directory /home/ykk/ros2_ws/build/lidar_perception_pkg/build --no-deps symlink_data
[0.857s] running develop
[0.934s] running egg_info
[0.934s] creating lidar_perception_pkg.egg-info
[0.934s] writing lidar_perception_pkg.egg-info/PKG-INFO
[0.935s] writing dependency_links to lidar_perception_pkg.egg-info/dependency_links.txt
[0.935s] writing entry points to lidar_perception_pkg.egg-info/entry_points.txt
[0.935s] writing requirements to lidar_perception_pkg.egg-info/requires.txt
[0.935s] writing top-level names to lidar_perception_pkg.egg-info/top_level.txt
[0.935s] writing manifest file 'lidar_perception_pkg.egg-info/SOURCES.txt'
[0.936s] reading manifest file 'lidar_perception_pkg.egg-info/SOURCES.txt'
[0.936s] writing manifest file 'lidar_perception_pkg.egg-info/SOURCES.txt'
[0.937s] running build_ext
[0.937s] Creating /home/ykk/ros2_ws/install/lidar_perception_pkg/lib/python3.10/site-packages/lidar-perception-pkg.egg-link (link to .)
[0.937s] Installing lidar_obstacle_detector_node script to /home/ykk/ros2_ws/install/lidar_perception_pkg/lib/lidar_perception_pkg
[0.938s] Installing lidar_processor_node script to /home/ykk/ros2_ws/install/lidar_perception_pkg/lib/lidar_perception_pkg
[0.938s] Installing lidar_publisher_node script to /home/ykk/ros2_ws/install/lidar_perception_pkg/lib/lidar_perception_pkg
[0.938s] Installing parking_perception_node script to /home/ykk/ros2_ws/install/lidar_perception_pkg/lib/lidar_perception_pkg
[0.938s] Installing parking_visualization_node script to /home/ykk/ros2_ws/install/lidar_perception_pkg/lib/lidar_perception_pkg
[0.938s] 
[0.938s] Installed /home/ykk/ros2_ws/build/lidar_perception_pkg
[0.938s] running symlink_data
[0.938s] creating /home/ykk/ros2_ws/install/lidar_perception_pkg/share/ament_index
[0.938s] creating /home/ykk/ros2_ws/install/lidar_perception_pkg/share/ament_index/resource_index
[0.938s] creating /home/ykk/ros2_ws/install/lidar_perception_pkg/share/ament_index/resource_index/packages
[0.938s] symbolically linking /home/ykk/ros2_ws/build/lidar_perception_pkg/resource/lidar_perception_pkg -> /home/ykk/ros2_ws/install/lidar_perception_pkg/share/ament_index/resource_index/packages
[0.938s] symbolically linking /home/ykk/ros2_ws/build/lidar_perception_pkg/package.xml -> /home/ykk/ros2_ws/install/lidar_perception_pkg/share/lidar_perception_pkg
[0.960s] Invoked command in '/home/ykk/ros2_ws/build/lidar_perception_pkg' returned '0': PYTHONPATH=/home/ykk/ros2_ws/build/lidar_perception_pkg/prefix_override:/usr/lib/python3/dist-packages/colcon_core/task/python/colcon_distutils_commands:/home/ykk/ros2_ws/install/lidar_perception_pkg/lib/python3.10/site-packages:${PYTHONPATH} /usr/bin/python3 -W ignore:setup.py install is deprecated -W ignore:easy_install command is deprecated setup.py develop --editable --build-directory /home/ykk/ros2_ws/build/lidar_perception_pkg/build --no-deps symlink_data
