[1.696s] Invoking command in '/home/ykk/ros2_ws/build/debug_pkg': PYTHONPATH=/home/ykk/ros2_ws/build/debug_pkg/prefix_override:/usr/lib/python3/dist-packages/colcon_core/task/python/colcon_distutils_commands:/home/ykk/ros2_ws/install/debug_pkg/lib/python3.10/site-packages:${PYTHONPATH} /usr/bin/python3 -W ignore:setup.py install is deprecated -W ignore:easy_install command is deprecated setup.py develop --editable --build-directory /home/ykk/ros2_ws/build/debug_pkg/build --no-deps symlink_data
[2.056s] running develop
[2.228s] running egg_info
[2.228s] writing debug_pkg.egg-info/PKG-INFO
[2.228s] writing dependency_links to debug_pkg.egg-info/dependency_links.txt
[2.228s] writing entry points to debug_pkg.egg-info/entry_points.txt
[2.229s] writing requirements to debug_pkg.egg-info/requires.txt
[2.229s] writing top-level names to debug_pkg.egg-info/top_level.txt
[2.231s] reading manifest file 'debug_pkg.egg-info/SOURCES.txt'
[2.232s] writing manifest file 'debug_pkg.egg-info/SOURCES.txt'
[2.233s] running build_ext
[2.234s] Creating /home/ykk/ros2_ws/install/debug_pkg/lib/python3.10/site-packages/debug-pkg.egg-link (link to .)
[2.235s] Installing lane_debug_visualizer_node script to /home/ykk/ros2_ws/install/debug_pkg/lib/debug_pkg
[2.235s] Installing object_detection_visualizer_node script to /home/ykk/ros2_ws/install/debug_pkg/lib/debug_pkg
[2.235s] Installing path_visualizer_node script to /home/ykk/ros2_ws/install/debug_pkg/lib/debug_pkg
[2.235s] Installing yolov8_visualizer_node script to /home/ykk/ros2_ws/install/debug_pkg/lib/debug_pkg
[2.235s] 
[2.235s] Installed /home/ykk/ros2_ws/build/debug_pkg
[2.236s] running symlink_data
[2.279s] Invoked command in '/home/ykk/ros2_ws/build/debug_pkg' returned '0': PYTHONPATH=/home/ykk/ros2_ws/build/debug_pkg/prefix_override:/usr/lib/python3/dist-packages/colcon_core/task/python/colcon_distutils_commands:/home/ykk/ros2_ws/install/debug_pkg/lib/python3.10/site-packages:${PYTHONPATH} /usr/bin/python3 -W ignore:setup.py install is deprecated -W ignore:easy_install command is deprecated setup.py develop --editable --build-directory /home/ykk/ros2_ws/build/debug_pkg/build --no-deps symlink_data
