[1.689s] Invoking command in '/home/ykk/ros2_ws/build/debug_pkg': PYTHONPATH=/home/ykk/ros2_ws/build/debug_pkg/prefix_override:/usr/lib/python3/dist-packages/colcon_core/task/python/colcon_distutils_commands:/home/ykk/ros2_ws/install/debug_pkg/lib/python3.10/site-packages:${PYTHONPATH} /usr/bin/python3 -W ignore:setup.py install is deprecated -W ignore:easy_install command is deprecated setup.py develop --editable --build-directory /home/ykk/ros2_ws/build/debug_pkg/build --no-deps symlink_data
[2.053s] running develop
[2.248s] running egg_info
[2.249s] writing debug_pkg.egg-info/PKG-INFO
[2.249s] writing dependency_links to debug_pkg.egg-info/dependency_links.txt
[2.249s] writing entry points to debug_pkg.egg-info/entry_points.txt
[2.249s] writing requirements to debug_pkg.egg-info/requires.txt
[2.250s] writing top-level names to debug_pkg.egg-info/top_level.txt
[2.252s] reading manifest file 'debug_pkg.egg-info/SOURCES.txt'
[2.252s] writing manifest file 'debug_pkg.egg-info/SOURCES.txt'
[2.254s] running build_ext
[2.254s] Creating /home/ykk/ros2_ws/install/debug_pkg/lib/python3.10/site-packages/debug-pkg.egg-link (link to .)
[2.255s] Installing lane_debug_visualizer_node script to /home/ykk/ros2_ws/install/debug_pkg/lib/debug_pkg
[2.256s] Installing object_detection_visualizer_node script to /home/ykk/ros2_ws/install/debug_pkg/lib/debug_pkg
[2.256s] Installing path_visualizer_node script to /home/ykk/ros2_ws/install/debug_pkg/lib/debug_pkg
[2.256s] Installing yolov8_visualizer_node script to /home/ykk/ros2_ws/install/debug_pkg/lib/debug_pkg
[2.256s] 
[2.256s] Installed /home/ykk/ros2_ws/build/debug_pkg
[2.256s] running symlink_data
[2.295s] Invoked command in '/home/ykk/ros2_ws/build/debug_pkg' returned '0': PYTHONPATH=/home/ykk/ros2_ws/build/debug_pkg/prefix_override:/usr/lib/python3/dist-packages/colcon_core/task/python/colcon_distutils_commands:/home/ykk/ros2_ws/install/debug_pkg/lib/python3.10/site-packages:${PYTHONPATH} /usr/bin/python3 -W ignore:setup.py install is deprecated -W ignore:easy_install command is deprecated setup.py develop --editable --build-directory /home/ykk/ros2_ws/build/debug_pkg/build --no-deps symlink_data
